<?xml version="1.0" encoding="UTF-8"?>
<testng-results ignored="4" total="7" passed="2" failed="1" skipped="0">
  <reporter-output>
  </reporter-output>
  <suite started-at="2024-01-07T11:00:34 IST" name="Suite" finished-at="2024-01-07T11:01:55 IST" duration-ms="81245">
    <groups>
    </groups>
    <test started-at="2024-01-07T11:00:34 IST" name="Test" finished-at="2024-01-07T11:01:55 IST" duration-ms="81245">
      <class name="com.inetBanking.testCases.CreateNewCustomerTest">
        <test-method is-config="true" signature="loadConfig()[pri:0, instance:com.inetBanking.testCases.CreateNewCustomerTest@1e4f4a5c]" started-at="2024-01-07T11:00:34 IST" name="loadConfig" finished-at="2024-01-07T11:00:34 IST" duration-ms="43" status="PASS">
          <reporter-output>
          </reporter-output>
        </test-method> <!-- loadConfig -->
        <test-method is-config="true" signature="launchApplication()[pri:0, instance:com.inetBanking.testCases.CreateNewCustomerTest@1e4f4a5c]" started-at="2024-01-07T11:00:34 IST" name="launchApplication" finished-at="2024-01-07T11:00:37 IST" duration-ms="2747" status="PASS">
          <reporter-output>
          </reporter-output>
        </test-method> <!-- launchApplication -->
        <test-method signature="createcustomer()[pri:0, instance:com.inetBanking.testCases.CreateNewCustomerTest@1e4f4a5c]" started-at="2024-01-07T11:00:37 IST" name="createcustomer" finished-at="2024-01-07T11:01:00 IST" duration-ms="23159" status="PASS">
          <reporter-output>
          </reporter-output>
        </test-method> <!-- createcustomer -->
        <test-method is-config="true" signature="tearDown()[pri:0, instance:com.inetBanking.testCases.CreateNewCustomerTest@1e4f4a5c]" started-at="2024-01-07T11:01:01 IST" name="tearDown" finished-at="2024-01-07T11:01:01 IST" duration-ms="331" status="PASS">
          <reporter-output>
          </reporter-output>
        </test-method> <!-- tearDown -->
        <test-method is-config="true" signature="closeFile()[pri:0, instance:com.inetBanking.testCases.CreateNewCustomerTest@1e4f4a5c]" started-at="2024-01-07T11:01:55 IST" name="closeFile" finished-at="2024-01-07T11:01:55 IST" duration-ms="0" status="PASS">
          <reporter-output>
          </reporter-output>
        </test-method> <!-- closeFile -->
      </class> <!-- com.inetBanking.testCases.CreateNewCustomerTest -->
      <class name="com.inetBanking.testCases.DeletecustomerTest">
        <test-method is-config="true" signature="launchApplication()[pri:0, instance:com.inetBanking.testCases.DeletecustomerTest@1f9f6368]" started-at="2024-01-07T11:01:31 IST" name="launchApplication" finished-at="2024-01-07T11:01:32 IST" duration-ms="1612" status="PASS">
          <reporter-output>
          </reporter-output>
        </test-method> <!-- launchApplication -->
        <test-method signature="deletecustomer()[pri:0, instance:com.inetBanking.testCases.DeletecustomerTest@1f9f6368]" started-at="2024-01-07T11:01:32 IST" name="deletecustomer" finished-at="2024-01-07T11:01:55 IST" duration-ms="22496" status="PASS">
          <reporter-output>
          </reporter-output>
        </test-method> <!-- deletecustomer -->
        <test-method is-config="true" signature="tearDown()[pri:0, instance:com.inetBanking.testCases.DeletecustomerTest@1f9f6368]" started-at="2024-01-07T11:01:55 IST" name="tearDown" finished-at="2024-01-07T11:01:55 IST" duration-ms="317" status="PASS">
          <reporter-output>
          </reporter-output>
        </test-method> <!-- tearDown -->
      </class> <!-- com.inetBanking.testCases.DeletecustomerTest -->
      <class name="com.inetBanking.testCases.EditcustomerTest">
        <test-method is-config="true" signature="launchApplication()[pri:0, instance:com.inetBanking.testCases.EditcustomerTest@5efa40fe]" started-at="2024-01-07T11:01:01 IST" name="launchApplication" finished-at="2024-01-07T11:01:03 IST" duration-ms="1536" status="PASS">
          <reporter-output>
          </reporter-output>
        </test-method> <!-- launchApplication -->
        <test-method signature="editcustomer()[pri:0, instance:com.inetBanking.testCases.EditcustomerTest@5efa40fe]" started-at="2024-01-07T11:01:03 IST" name="editcustomer" finished-at="2024-01-07T11:01:30 IST" duration-ms="27602" status="FAIL">
          <exception class="org.openqa.selenium.ElementNotInteractableException">
            <message>
              <![CDATA[element not interactable
  (Session info: chrome=120.0.6099.199)
Build info: version: '4.13.0', revision: 'ba948ece5b*'
System info: os.name: 'Windows 11', os.arch: 'amd64', os.version: '10.0', java.version: '19.0.1'
Driver info: org.openqa.selenium.chrome.ChromeDriver
Command: [15261ad92bcaa48b0a7cff81ae6fd213, sendKeysToElement {id=9D5DC7DB5413C8D3A47CA0DBFE2DC069_element_150, value=[Ljava.lang.CharSequence;@6efd0a6e}]
Capabilities {acceptInsecureCerts: false, browserName: chrome, browserVersion: 120.0.6099.199, chrome: {chromedriverVersion: 120.0.6099.109 (3419140ab66..., userDataDir: C:\Users\prave\AppData\Loca...}, fedcm:accounts: true, goog:chromeOptions: {debuggerAddress: localhost:58200}, networkConnectionEnabled: false, pageLoadStrategy: normal, platformName: windows, proxy: Proxy(), se:cdp: ws://localhost:58200/devtoo..., se:cdpVersion: 120.0.6099.199, setWindowRect: true, strictFileInteractability: false, timeouts: {implicit: 0, pageLoad: 300000, script: 30000}, unhandledPromptBehavior: dismiss and notify, webauthn:extension:credBlob: true, webauthn:extension:largeBlob: true, webauthn:extension:minPinLength: true, webauthn:extension:prf: true, webauthn:virtualAuthenticators: true}
Element: [[ChromeDriver: chrome on windows (15261ad92bcaa48b0a7cff81ae6fd213)] -> name: name]
Session ID: 15261ad92bcaa48b0a7cff81ae6fd213]]>
            </message>
            <full-stacktrace>
              <![CDATA[org.openqa.selenium.ElementNotInteractableException: element not interactable
  (Session info: chrome=120.0.6099.199)
Build info: version: '4.13.0', revision: 'ba948ece5b*'
System info: os.name: 'Windows 11', os.arch: 'amd64', os.version: '10.0', java.version: '19.0.1'
Driver info: org.openqa.selenium.chrome.ChromeDriver
Command: [15261ad92bcaa48b0a7cff81ae6fd213, sendKeysToElement {id=9D5DC7DB5413C8D3A47CA0DBFE2DC069_element_150, value=[Ljava.lang.CharSequence;@6efd0a6e}]
Capabilities {acceptInsecureCerts: false, browserName: chrome, browserVersion: 120.0.6099.199, chrome: {chromedriverVersion: 120.0.6099.109 (3419140ab66..., userDataDir: C:\Users\prave\AppData\Loca...}, fedcm:accounts: true, goog:chromeOptions: {debuggerAddress: localhost:58200}, networkConnectionEnabled: false, pageLoadStrategy: normal, platformName: windows, proxy: Proxy(), se:cdp: ws://localhost:58200/devtoo..., se:cdpVersion: 120.0.6099.199, setWindowRect: true, strictFileInteractability: false, timeouts: {implicit: 0, pageLoad: 300000, script: 30000}, unhandledPromptBehavior: dismiss and notify, webauthn:extension:credBlob: true, webauthn:extension:largeBlob: true, webauthn:extension:minPinLength: true, webauthn:extension:prf: true, webauthn:virtualAuthenticators: true}
Element: [[ChromeDriver: chrome on windows (15261ad92bcaa48b0a7cff81ae6fd213)] -> name: name]
Session ID: 15261ad92bcaa48b0a7cff81ae6fd213
at java.base/jdk.internal.reflect.DirectConstructorHandleAccessor.newInstance(DirectConstructorHandleAccessor.java:67)
at java.base/java.lang.reflect.Constructor.newInstanceWithCaller(Constructor.java:500)
at java.base/java.lang.reflect.Constructor.newInstance(Constructor.java:484)
at org.openqa.selenium.remote.codec.w3c.W3CHttpResponseCodec.createException(W3CHttpResponseCodec.java:200)
at org.openqa.selenium.remote.codec.w3c.W3CHttpResponseCodec.decode(W3CHttpResponseCodec.java:133)
at org.openqa.selenium.remote.codec.w3c.W3CHttpResponseCodec.decode(W3CHttpResponseCodec.java:52)
at org.openqa.selenium.remote.HttpCommandExecutor.execute(HttpCommandExecutor.java:191)
at org.openqa.selenium.remote.service.DriverCommandExecutor.invokeExecute(DriverCommandExecutor.java:196)
at org.openqa.selenium.remote.service.DriverCommandExecutor.execute(DriverCommandExecutor.java:171)
at org.openqa.selenium.remote.RemoteWebDriver.execute(RemoteWebDriver.java:602)
at org.openqa.selenium.remote.RemoteWebElement.execute(RemoteWebElement.java:224)
at org.openqa.selenium.remote.RemoteWebElement.sendKeys(RemoteWebElement.java:111)
at java.base/jdk.internal.reflect.DirectMethodHandleAccessor.invoke(DirectMethodHandleAccessor.java:104)
at java.base/java.lang.reflect.Method.invoke(Method.java:578)
at org.openqa.selenium.support.pagefactory.internal.LocatingElementHandler.invoke(LocatingElementHandler.java:51)
at jdk.proxy2/jdk.proxy2.$Proxy19.sendKeys(Unknown Source)
at com.inetBanking.pageobjects.EditCustomerPage.customername(EditCustomerPage.java:48)
at com.inetBanking.testCases.EditcustomerTest.editcustomer(EditcustomerTest.java:33)
at java.base/jdk.internal.reflect.DirectMethodHandleAccessor.invoke(DirectMethodHandleAccessor.java:104)
at java.base/java.lang.reflect.Method.invoke(Method.java:578)
at org.testng.internal.MethodInvocationHelper.invokeMethod(MethodInvocationHelper.java:133)
at org.testng.internal.TestInvoker.invokeMethod(TestInvoker.java:598)
at org.testng.internal.TestInvoker.invokeTestMethod(TestInvoker.java:173)
at org.testng.internal.MethodRunner.runInSequence(MethodRunner.java:46)
at org.testng.internal.TestInvoker$MethodInvocationAgent.invoke(TestInvoker.java:824)
at org.testng.internal.TestInvoker.invokeTestMethods(TestInvoker.java:146)
at org.testng.internal.TestMethodWorker.invokeTestMethods(TestMethodWorker.java:146)
at org.testng.internal.TestMethodWorker.run(TestMethodWorker.java:128)
at java.base/java.util.ArrayList.forEach(ArrayList.java:1511)
at org.testng.TestRunner.privateRun(TestRunner.java:794)
at org.testng.TestRunner.run(TestRunner.java:596)
at org.testng.SuiteRunner.runTest(SuiteRunner.java:377)
at org.testng.SuiteRunner.runSequentially(SuiteRunner.java:371)
at org.testng.SuiteRunner.privateRun(SuiteRunner.java:332)
at org.testng.SuiteRunner.run(SuiteRunner.java:276)
at org.testng.SuiteRunnerWorker.runSuite(SuiteRunnerWorker.java:53)
at org.testng.SuiteRunnerWorker.run(SuiteRunnerWorker.java:96)
at org.testng.TestNG.runSuitesSequentially(TestNG.java:1212)
at org.testng.TestNG.runSuitesLocally(TestNG.java:1134)
at org.testng.TestNG.runSuites(TestNG.java:1063)
at org.testng.TestNG.run(TestNG.java:1031)
at org.testng.remote.AbstractRemoteTestNG.run(AbstractRemoteTestNG.java:115)
at org.testng.remote.RemoteTestNG.initAndRun(RemoteTestNG.java:251)
at org.testng.remote.RemoteTestNG.main(RemoteTestNG.java:77)
]]>
            </full-stacktrace>
          </exception> <!-- org.openqa.selenium.ElementNotInteractableException -->
          <reporter-output>
          </reporter-output>
        </test-method> <!-- editcustomer -->
        <test-method is-config="true" signature="tearDown()[pri:0, instance:com.inetBanking.testCases.EditcustomerTest@5efa40fe]" started-at="2024-01-07T11:01:31 IST" name="tearDown" finished-at="2024-01-07T11:01:31 IST" duration-ms="309" status="PASS">
          <reporter-output>
          </reporter-output>
        </test-method> <!-- tearDown -->
      </class> <!-- com.inetBanking.testCases.EditcustomerTest -->
    </test> <!-- Test -->
  </suite> <!-- Suite -->
</testng-results>
